<?xml version="1.0" encoding="UTF-8"?>
<testng-results skipped="9" failed="0" total="9" passed="0">
  <reporter-output>
  </reporter-output>
  <suite name="Default suite" duration-ms="94" started-at="2021-03-01T04:27:20Z" finished-at="2021-03-01T04:27:21Z">
    <groups>
    </groups>
    <test name="Default test" duration-ms="94" started-at="2021-03-01T04:27:20Z" finished-at="2021-03-01T04:27:21Z">
      <class name="phpTravelsSignUp.HomePageSignUp">
        <test-method status="FAIL" signature="validateHomePageSignUp()[pri:0, instance:phpTravelsSignUp.HomePageSignUp@5dfcfece]" name="validateHomePageSignUp" is-config="true" duration-ms="0" started-at="2021-02-28T23:27:20Z" finished-at="2021-02-28T23:27:20Z">
          <exception class="java.lang.Error">
            <message>
              <![CDATA[Unresolved compilation problem: 
	Cannot instantiate the type HomePages
]]>
            </message>
            <full-stacktrace>
              <![CDATA[java.lang.Error: Unresolved compilation problem: 
	Cannot instantiate the type HomePages

	at phpTravelsSignUp.HomePageSignUp.validateHomePageSignUp(HomePageSignUp.java:38)
	at sun.reflect.NativeMethodAccessorImpl.invoke0(Native Method)
	at sun.reflect.NativeMethodAccessorImpl.invoke(Unknown Source)
	at sun.reflect.DelegatingMethodAccessorImpl.invoke(Unknown Source)
	at java.lang.reflect.Method.invoke(Unknown Source)
	at org.testng.internal.MethodInvocationHelper.invokeMethod(MethodInvocationHelper.java:85)
	at org.testng.internal.Invoker.invokeConfigurationMethod(Invoker.java:510)
	at org.testng.internal.Invoker.invokeConfigurations(Invoker.java:211)
	at org.testng.internal.Invoker.invokeConfigurations(Invoker.java:138)
	at org.testng.TestRunner.beforeRun(TestRunner.java:648)
	at org.testng.TestRunner.run(TestRunner.java:616)
	at org.testng.SuiteRunner.runTest(SuiteRunner.java:359)
	at org.testng.SuiteRunner.runSequentially(SuiteRunner.java:354)
	at org.testng.SuiteRunner.privateRun(SuiteRunner.java:312)
	at org.testng.SuiteRunner.run(SuiteRunner.java:261)
	at org.testng.SuiteRunnerWorker.runSuite(SuiteRunnerWorker.java:52)
	at org.testng.SuiteRunnerWorker.run(SuiteRunnerWorker.java:86)
	at org.testng.TestNG.runSuitesSequentially(TestNG.java:1215)
	at org.testng.TestNG.runSuitesLocally(TestNG.java:1140)
	at org.testng.TestNG.run(TestNG.java:1048)
	at org.testng.remote.AbstractRemoteTestNG.run(AbstractRemoteTestNG.java:115)
	at org.testng.remote.RemoteTestNG.initAndRun(RemoteTestNG.java:251)
	at org.testng.remote.RemoteTestNG.main(RemoteTestNG.java:77)
]]>
            </full-stacktrace>
          </exception> <!-- java.lang.Error -->
          <reporter-output>
          </reporter-output>
        </test-method> <!-- validateHomePageSignUp -->
        <test-method status="SKIP" signature="validateConfermPassward()[pri:0, instance:phpTravelsSignUp.HomePageSignUp@5dfcfece]" name="validateConfermPassward" duration-ms="1" started-at="2021-02-28T23:27:21Z" finished-at="2021-02-28T23:27:21Z">
          <reporter-output>
          </reporter-output>
        </test-method> <!-- validateConfermPassward -->
        <test-method status="SKIP" signature="validateEmailAddress()[pri:0, instance:phpTravelsSignUp.HomePageSignUp@5dfcfece]" name="validateEmailAddress" duration-ms="2" started-at="2021-02-28T23:27:21Z" finished-at="2021-02-28T23:27:21Z">
          <reporter-output>
          </reporter-output>
        </test-method> <!-- validateEmailAddress -->
        <test-method status="SKIP" signature="validateFirstName()[pri:0, instance:phpTravelsSignUp.HomePageSignUp@5dfcfece]" name="validateFirstName" duration-ms="2" started-at="2021-02-28T23:27:21Z" finished-at="2021-02-28T23:27:21Z">
          <reporter-output>
          </reporter-output>
        </test-method> <!-- validateFirstName -->
        <test-method status="SKIP" signature="validateMobileNumber()[pri:0, instance:phpTravelsSignUp.HomePageSignUp@5dfcfece]" name="validateMobileNumber" duration-ms="2" started-at="2021-02-28T23:27:21Z" finished-at="2021-02-28T23:27:21Z">
          <reporter-output>
          </reporter-output>
        </test-method> <!-- validateMobileNumber -->
        <test-method status="SKIP" signature="validatePassward()[pri:0, instance:phpTravelsSignUp.HomePageSignUp@5dfcfece]" name="validatePassward" duration-ms="1" started-at="2021-02-28T23:27:21Z" finished-at="2021-02-28T23:27:21Z">
          <reporter-output>
          </reporter-output>
        </test-method> <!-- validatePassward -->
        <test-method status="SKIP" signature="validateSignUP()[pri:0, instance:phpTravelsSignUp.HomePageSignUp@5dfcfece]" name="validateSignUP" duration-ms="3" started-at="2021-02-28T23:27:21Z" finished-at="2021-02-28T23:27:21Z">
          <reporter-output>
          </reporter-output>
        </test-method> <!-- validateSignUP -->
        <test-method status="SKIP" signature="validateTitle()[pri:0, instance:phpTravelsSignUp.HomePageSignUp@5dfcfece]" name="validateTitle" duration-ms="3" started-at="2021-02-28T23:27:21Z" finished-at="2021-02-28T23:27:21Z">
          <reporter-output>
          </reporter-output>
        </test-method> <!-- validateTitle -->
        <test-method status="SKIP" signature="validateURL()[pri:0, instance:phpTravelsSignUp.HomePageSignUp@5dfcfece]" name="validateURL" duration-ms="2" started-at="2021-02-28T23:27:21Z" finished-at="2021-02-28T23:27:21Z">
          <reporter-output>
          </reporter-output>
        </test-method> <!-- validateURL -->
        <test-method status="SKIP" signature="vlidateLastName()[pri:0, instance:phpTravelsSignUp.HomePageSignUp@5dfcfece]" name="vlidateLastName" duration-ms="2" started-at="2021-02-28T23:27:21Z" finished-at="2021-02-28T23:27:21Z">
          <reporter-output>
          </reporter-output>
        </test-method> <!-- vlidateLastName -->
      </class> <!-- phpTravelsSignUp.HomePageSignUp -->
    </test> <!-- Default test -->
  </suite> <!-- Default suite -->
</testng-results>
