<?xml version="1.0" encoding="UTF-8"?>
<testng-results skipped="3" failed="0" total="3" passed="0">
  <reporter-output>
  </reporter-output>
  <suite name="Default suite" duration-ms="183" started-at="2021-02-02T16:36:27Z" finished-at="2021-02-02T16:36:27Z">
    <groups>
    </groups>
    <test name="Default test" duration-ms="183" started-at="2021-02-02T16:36:27Z" finished-at="2021-02-02T16:36:27Z">
      <class name="pages.HomePageSignUp">
        <test-method status="FAIL" signature="validateHomePageSignUp()[pri:0, instance:pages.HomePageSignUp@5f375618]" name="validateHomePageSignUp" is-config="true" duration-ms="0" started-at="2021-02-02T11:36:27Z" finished-at="2021-02-02T11:36:27Z">
          <exception class="java.lang.IllegalStateException">
            <message>
              <![CDATA[The driver executable does not exist: C:\Users\syeds\OneDrive\Desktop\MY COMPUTER\ChoromeDriver\.exe]]>
            </message>
            <full-stacktrace>
              <![CDATA[java.lang.IllegalStateException: The driver executable does not exist: C:\Users\syeds\OneDrive\Desktop\MY COMPUTER\ChoromeDriver\.exe
	at com.google.common.base.Preconditions.checkState(Preconditions.java:199)
	at org.openqa.selenium.remote.service.DriverService.checkExecutable(DriverService.java:121)
	at org.openqa.selenium.remote.service.DriverService.findExecutable(DriverService.java:116)
	at org.openqa.selenium.chrome.ChromeDriverService.access$0(ChromeDriverService.java:1)
	at org.openqa.selenium.chrome.ChromeDriverService$Builder.findDefaultExecutable(ChromeDriverService.java:137)
	at org.openqa.selenium.remote.service.DriverService$Builder.build(DriverService.java:296)
	at org.openqa.selenium.chrome.ChromeDriverService.createDefaultService(ChromeDriverService.java:88)
	at org.openqa.selenium.chrome.ChromeDriver.<init>(ChromeDriver.java:116)
	at pages.HomePageSignUp.validateHomePageSignUp(HomePageSignUp.java:30)
	at sun.reflect.NativeMethodAccessorImpl.invoke0(Native Method)
	at sun.reflect.NativeMethodAccessorImpl.invoke(Unknown Source)
	at sun.reflect.DelegatingMethodAccessorImpl.invoke(Unknown Source)
	at java.lang.reflect.Method.invoke(Unknown Source)
	at org.testng.internal.MethodInvocationHelper.invokeMethod(MethodInvocationHelper.java:85)
	at org.testng.internal.Invoker.invokeConfigurationMethod(Invoker.java:510)
	at org.testng.internal.Invoker.invokeConfigurations(Invoker.java:211)
	at org.testng.internal.Invoker.invokeConfigurations(Invoker.java:138)
	at org.testng.TestRunner.beforeRun(TestRunner.java:648)
	at org.testng.TestRunner.run(TestRunner.java:616)
	at org.testng.SuiteRunner.runTest(SuiteRunner.java:359)
	at org.testng.SuiteRunner.runSequentially(SuiteRunner.java:354)
	at org.testng.SuiteRunner.privateRun(SuiteRunner.java:312)
	at org.testng.SuiteRunner.run(SuiteRunner.java:261)
	at org.testng.SuiteRunnerWorker.runSuite(SuiteRunnerWorker.java:52)
	at org.testng.SuiteRunnerWorker.run(SuiteRunnerWorker.java:86)
	at org.testng.TestNG.runSuitesSequentially(TestNG.java:1215)
	at org.testng.TestNG.runSuitesLocally(TestNG.java:1140)
	at org.testng.TestNG.run(TestNG.java:1048)
	at org.testng.remote.AbstractRemoteTestNG.run(AbstractRemoteTestNG.java:115)
	at org.testng.remote.RemoteTestNG.initAndRun(RemoteTestNG.java:251)
	at org.testng.remote.RemoteTestNG.main(RemoteTestNG.java:77)
]]>
            </full-stacktrace>
          </exception> <!-- java.lang.IllegalStateException -->
          <reporter-output>
          </reporter-output>
        </test-method> <!-- validateHomePageSignUp -->
        <test-method status="SKIP" signature="validateFirstName()[pri:0, instance:pages.HomePageSignUp@5f375618]" name="validateFirstName" duration-ms="2" started-at="2021-02-02T11:36:27Z" finished-at="2021-02-02T11:36:27Z">
          <reporter-output>
          </reporter-output>
        </test-method> <!-- validateFirstName -->
        <test-method status="SKIP" signature="validateTitle()[pri:0, instance:pages.HomePageSignUp@5f375618]" name="validateTitle" duration-ms="2" started-at="2021-02-02T11:36:27Z" finished-at="2021-02-02T11:36:27Z">
          <reporter-output>
          </reporter-output>
        </test-method> <!-- validateTitle -->
        <test-method status="SKIP" signature="validateURL()[pri:0, instance:pages.HomePageSignUp@5f375618]" name="validateURL" duration-ms="1" started-at="2021-02-02T11:36:27Z" finished-at="2021-02-02T11:36:27Z">
          <reporter-output>
          </reporter-output>
        </test-method> <!-- validateURL -->
      </class> <!-- pages.HomePageSignUp -->
    </test> <!-- Default test -->
  </suite> <!-- Default suite -->
</testng-results>
