<?xml version="1.0" encoding="UTF-8"?>
<testng-results skipped="0" failed="0" total="1" passed="1">
  <reporter-output>
  </reporter-output>
  <suite name="Default suite" duration-ms="6645" started-at="2021-07-19T16:37:21Z" finished-at="2021-07-19T16:37:28Z">
    <groups>
    </groups>
    <test name="Default test" duration-ms="6645" started-at="2021-07-19T16:37:21Z" finished-at="2021-07-19T16:37:28Z">
      <class name="testScript.LoginTest">
        <test-method status="PASS" signature="beforeTest()[pri:0, instance:testScript.LoginTest@23986957]" name="beforeTest" is-config="true" duration-ms="2775" started-at="2021-07-19T12:37:21Z" finished-at="2021-07-19T12:37:24Z">
          <reporter-output>
          </reporter-output>
        </test-method> <!-- beforeTest -->
        <test-method status="PASS" signature="beforeEachTest()[pri:0, instance:testScript.LoginTest@23986957]" name="beforeEachTest" is-config="true" duration-ms="150" started-at="2021-07-19T12:37:24Z" finished-at="2021-07-19T12:37:24Z">
          <reporter-output>
          </reporter-output>
        </test-method> <!-- beforeEachTest -->
        <test-method status="PASS" signature="loginTest()[pri:0, instance:testScript.LoginTest@23986957]" name="loginTest" duration-ms="3691" started-at="2021-07-19T12:37:24Z" finished-at="2021-07-19T12:37:28Z">
          <reporter-output>
          </reporter-output>
        </test-method> <!-- loginTest -->
        <test-method status="PASS" signature="afterTest()[pri:0, instance:testScript.LoginTest@23986957]" name="afterTest" is-config="true" duration-ms="0" started-at="2021-07-19T12:37:28Z" finished-at="2021-07-19T12:37:28Z">
          <reporter-output>
          </reporter-output>
        </test-method> <!-- afterTest -->
      </class> <!-- testScript.LoginTest -->
    </test> <!-- Default test -->
  </suite> <!-- Default suite -->
</testng-results>
