<?xml version="1.0" encoding="UTF-8"?>
<!-- Generated by org.testng.reporters.JUnitXMLReporter -->
<testsuite hostname="DESKTOP-RDP6H5E" name="Signup testing" tests="4" failures="0" timestamp="10 Mar 2021 17:54:43 GMT" time="12.907" errors="0">
  <testcase name="valedateURL" time="0.041" classname="signuptestscript.Signuptest"/>
  <testcase name="validateSignupe" time="0.385" classname="signuptestscript.Signuptest"/>
  <testcase name="maintest" time="0.224" classname="signuptestscript.Scriptflickr"/>
  <testcase name="maintest" time="0.713" classname="signuptestscript.TestScript"/>
</testsuite> <!-- Signup testing -->
