<?xml version="1.0" encoding="UTF-8"?>
<!-- Generated by org.testng.reporters.JUnitXMLReporter -->
<testsuite hostname="DESKTOP-RDP6H5E" name="Mercurytours,PhpTravels,Yahoologin Test Suite" tests="3" failures="0" timestamp="9 Jan 2020 09:18:52 GMT" time="34.319" errors="0">
  <testcase name="validateFirstName" time="1.098" classname="pages.HomePageSignUp"/>
  <testcase name="validateTitle" time="0.026" classname="pages.HomePageSignUp"/>
  <testcase name="validateURL" time="0.013" classname="pages.HomePageSignUp"/>
</testsuite> <!-- Mercurytours,PhpTravels,Yahoologin Test Suite -->
