<?xml version="1.0" encoding="UTF-8"?>
<!-- Generated by org.testng.reporters.JUnitXMLReporter -->
<testsuite hostname="DESKTOP-RDP6H5E" name="Mercurytours,PhpTravels,Yahoologin Test Suite" tests="9" failures="0" timestamp="9 Jan 2020 09:25:27 GMT" time="30.437" errors="0">
  <testcase name="validateConfermPassward" time="0.315" classname="phpTravelsSignUp.HomePageSignUp"/>
  <testcase name="validateEmailAddress" time="0.245" classname="phpTravelsSignUp.HomePageSignUp"/>
  <testcase name="validateFirstName" time="0.125" classname="phpTravelsSignUp.HomePageSignUp"/>
  <testcase name="validateMobileNumber" time="0.18" classname="phpTravelsSignUp.HomePageSignUp"/>
  <testcase name="validatePassward" time="0.173" classname="phpTravelsSignUp.HomePageSignUp"/>
  <testcase name="validateSignUP" time="0.002" classname="phpTravelsSignUp.HomePageSignUp"/>
  <testcase name="validateTitle" time="0.019" classname="phpTravelsSignUp.HomePageSignUp"/>
  <testcase name="validateURL" time="0.018" classname="phpTravelsSignUp.HomePageSignUp"/>
  <testcase name="vlidateLastName" time="0.131" classname="phpTravelsSignUp.HomePageSignUp"/>
</testsuite> <!-- Mercurytours,PhpTravels,Yahoologin Test Suite -->
