<?xml version="1.0" encoding="UTF-8"?>
<testng-results skipped="0" failed="1" total="5" passed="4">
  <reporter-output>
  </reporter-output>
  <suite name="Default suite" duration-ms="6404" started-at="2021-03-12T01:19:12Z" finished-at="2021-03-12T01:19:18Z">
    <groups>
    </groups>
    <test name="Default test" duration-ms="6404" started-at="2021-03-12T01:19:12Z" finished-at="2021-03-12T01:19:18Z">
      <class name="signuptestscript.Scriptflickr">
        <test-method status="PASS" signature="beforetest()[pri:0, instance:signuptestscript.Scriptflickr@16e7dcfd]" name="beforetest" is-config="true" duration-ms="5667" started-at="2021-03-11T20:19:12Z" finished-at="2021-03-11T20:19:17Z">
          <reporter-output>
          </reporter-output>
        </test-method> <!-- beforetest -->
        <test-method status="PASS" signature="maintest()[pri:0, instance:signuptestscript.Scriptflickr@16e7dcfd]" name="maintest" duration-ms="369" started-at="2021-03-11T20:19:17Z" finished-at="2021-03-11T20:19:18Z">
          <reporter-output>
          </reporter-output>
        </test-method> <!-- maintest -->
        <test-method status="PASS" signature="signupisdisplayed()[pri:0, instance:signuptestscript.Scriptflickr@16e7dcfd]" name="signupisdisplayed" duration-ms="72" started-at="2021-03-11T20:19:18Z" finished-at="2021-03-11T20:19:18Z">
          <reporter-output>
          </reporter-output>
        </test-method> <!-- signupisdisplayed -->
        <test-method status="PASS" signature="validatetitle()[pri:0, instance:signuptestscript.Scriptflickr@16e7dcfd]" name="validatetitle" duration-ms="22" started-at="2021-03-11T20:19:18Z" finished-at="2021-03-11T20:19:18Z">
          <reporter-output>
          </reporter-output>
        </test-method> <!-- validatetitle -->
        <test-method status="PASS" signature="validateurl()[pri:0, instance:signuptestscript.Scriptflickr@16e7dcfd]" name="validateurl" duration-ms="15" started-at="2021-03-11T20:19:18Z" finished-at="2021-03-11T20:19:18Z">
          <reporter-output>
          </reporter-output>
        </test-method> <!-- validateurl -->
        <test-method status="FAIL" signature="validateTermsURL()[pri:1, instance:signuptestscript.Scriptflickr@16e7dcfd]" name="validateTermsURL" duration-ms="205" started-at="2021-03-11T20:19:18Z" finished-at="2021-03-11T20:19:18Z">
          <exception class="junit.framework.ComparisonFailure">
            <message>
              <![CDATA[expected:<https://[www.flickr.com/help/terms]> but was:<https://[identity.flickr.com/sign-up]>]]>
            </message>
            <full-stacktrace>
              <![CDATA[junit.framework.ComparisonFailure: expected:<https://[www.flickr.com/help/terms]> but was:<https://[identity.flickr.com/sign-up]>
	at junit.framework.Assert.assertEquals(Assert.java:100)
	at junit.framework.Assert.assertEquals(Assert.java:107)
	at signuptestscript.Scriptflickr.validateTermsURL(Scriptflickr.java:134)
	at sun.reflect.NativeMethodAccessorImpl.invoke0(Native Method)
	at sun.reflect.NativeMethodAccessorImpl.invoke(Unknown Source)
	at sun.reflect.DelegatingMethodAccessorImpl.invoke(Unknown Source)
	at java.lang.reflect.Method.invoke(Unknown Source)
	at org.testng.internal.MethodInvocationHelper.invokeMethod(MethodInvocationHelper.java:85)
	at org.testng.internal.Invoker.invokeMethod(Invoker.java:639)
	at org.testng.internal.Invoker.invokeTestMethod(Invoker.java:816)
	at org.testng.internal.Invoker.invokeTestMethods(Invoker.java:1124)
	at org.testng.internal.TestMethodWorker.invokeTestMethods(TestMethodWorker.java:125)
	at org.testng.internal.TestMethodWorker.run(TestMethodWorker.java:108)
	at org.testng.TestRunner.privateRun(TestRunner.java:774)
	at org.testng.TestRunner.run(TestRunner.java:624)
	at org.testng.SuiteRunner.runTest(SuiteRunner.java:359)
	at org.testng.SuiteRunner.runSequentially(SuiteRunner.java:354)
	at org.testng.SuiteRunner.privateRun(SuiteRunner.java:312)
	at org.testng.SuiteRunner.run(SuiteRunner.java:261)
	at org.testng.SuiteRunnerWorker.runSuite(SuiteRunnerWorker.java:52)
	at org.testng.SuiteRunnerWorker.run(SuiteRunnerWorker.java:86)
	at org.testng.TestNG.runSuitesSequentially(TestNG.java:1215)
	at org.testng.TestNG.runSuitesLocally(TestNG.java:1140)
	at org.testng.TestNG.run(TestNG.java:1048)
	at org.testng.remote.AbstractRemoteTestNG.run(AbstractRemoteTestNG.java:115)
	at org.testng.remote.RemoteTestNG.initAndRun(RemoteTestNG.java:251)
	at org.testng.remote.RemoteTestNG.main(RemoteTestNG.java:77)
]]>
            </full-stacktrace>
          </exception> <!-- junit.framework.ComparisonFailure -->
          <reporter-output>
          </reporter-output>
        </test-method> <!-- validateTermsURL -->
        <test-method status="PASS" signature="aftertest()[pri:0, instance:signuptestscript.Scriptflickr@16e7dcfd]" name="aftertest" is-config="true" duration-ms="0" started-at="2021-03-11T20:19:18Z" finished-at="2021-03-11T20:19:18Z">
          <reporter-output>
          </reporter-output>
        </test-method> <!-- aftertest -->
      </class> <!-- signuptestscript.Scriptflickr -->
    </test> <!-- Default test -->
  </suite> <!-- Default suite -->
</testng-results>
